# JRE version: Java(TM) SE Runtime Environment (8.0_111-b14) (build 1.8.0_111-b14)
# Java VM: Java HotSpot(TM) 64-Bit Server VM (25.111-b14 mixed mode windows-amd64 compressed oops)
Heap:
 PSYoungGen      total 285696K, used 179585K [0x00000000edf00000, 0x0000000100000000, 0x0000000100000000)
  eden space 276992K, 61% used [0x00000000edf00000,0x00000000f85e1510,0x00000000fed80000)
  from space 8704K, 99% used [0x00000000fed80000,0x00000000ff5ff250,0x00000000ff600000)
  to   space 10240K, 0% used [0x00000000ff600000,0x00000000ff600000,0x0000000100000000)
 ParOldGen       total 112128K, used 75105K [0x00000000c9c00000, 0x00000000d0980000, 0x00000000edf00000)
  object space 112128K, 66% used [0x00000000c9c00000,0x00000000ce558708,0x00000000d0980000)
 Metaspace       used 20332K, capacity 20540K, committed 20992K, reserved 1067008K
  class space    used 2393K, capacity 2447K, committed 2560K, reserved 1048576K
GC Heap History (10 events):
Event: 30.309 GC heap before
{Heap before GC invocations=11 (full 1):
 PSYoungGen      total 124416K, used 114208K [0x00000000edf00000, 0x00000000f9f80000, 0x0000000100000000)
  eden space 114176K, 100% used [0x00000000edf00000,0x00000000f4e80000,0x00000000f4e80000)
  from space 10240K, 0% used [0x00000000f4e80000,0x00000000f4e88000,0x00000000f5880000)
  to   space 9728K, 0% used [0x00000000f9600000,0x00000000f9600000,0x00000000f9f80000)
 ParOldGen       total 81920K, used 41051K [0x00000000c9c00000, 0x00000000cec00000, 0x00000000edf00000)
  object space 81920K, 50% used [0x00000000c9c00000,0x00000000cc416fd8,0x00000000cec00000)
 Metaspace       used 16948K, capacity 17238K, committed 17408K, reserved 1064960K
  class space    used 2132K, capacity 2222K, committed 2304K, reserved 1048576K
Event: 30.310 GC heap after
Heap after GC invocations=11 (full 1):
 PSYoungGen      total 184320K, used 32K [0x00000000edf00000, 0x00000000f9d80000, 0x0000000100000000)
  eden space 176640K, 0% used [0x00000000edf00000,0x00000000edf00000,0x00000000f8b80000)
  from space 7680K, 0% used [0x00000000f9600000,0x00000000f9608000,0x00000000f9d80000)
  to   space 9216K, 0% used [0x00000000f8b80000,0x00000000f8b80000,0x00000000f9480000)
 ParOldGen       total 81920K, used 41051K [0x00000000c9c00000, 0x00000000cec00000, 0x00000000edf00000)
  object space 81920K, 50% used [0x00000000c9c00000,0x00000000cc416fd8,0x00000000cec00000)
 Metaspace       used 16948K, capacity 17238K, committed 17408K, reserved 1064960K
  class space    used 2132K, capacity 2222K, committed 2304K, reserved 1048576K
}
Event: 31.039 GC heap before
{Heap before GC invocations=12 (full 1):
 PSYoungGen      total 184320K, used 176672K [0x00000000edf00000, 0x00000000f9d80000, 0x0000000100000000)
  eden space 176640K, 100% used [0x00000000edf00000,0x00000000f8b80000,0x00000000f8b80000)
  from space 7680K, 0% used [0x00000000f9600000,0x00000000f9608000,0x00000000f9d80000)
  to   space 9216K, 0% used [0x00000000f8b80000,0x00000000f8b80000,0x00000000f9480000)
 ParOldGen       total 81920K, used 41051K [0x00000000c9c00000, 0x00000000cec00000, 0x00000000edf00000)
  object space 81920K, 50% used [0x00000000c9c00000,0x00000000cc416fd8,0x00000000cec00000)
 Metaspace       used 16948K, capacity 17238K, committed 17408K, reserved 1064960K
  class space    used 2132K, capacity 2222K, committed 2304K, reserved 1048576K
Event: 31.086 GC heap after
Heap after GC invocations=12 (full 1):
 PSYoungGen      total 185856K, used 0K [0x00000000edf00000, 0x00000000fff00000, 0x0000000100000000)
  eden space 176640K, 0% used [0x00000000edf00000,0x00000000edf00000,0x00000000f8b80000)
  from space 9216K, 0% used [0x00000000f8b80000,0x00000000f8b80000,0x00000000f9480000)
  to   space 9216K, 0% used [0x00000000ff600000,0x00000000ff600000,0x00000000fff00000)
 ParOldGen       total 81920K, used 41059K [0x00000000c9c00000, 0x00000000cec00000, 0x00000000edf00000)
  object space 81920K, 50% used [0x00000000c9c00000,0x00000000cc418fd8,0x00000000cec00000)
 Metaspace       used 16948K, capacity 17238K, committed 17408K, reserved 1064960K
  class space    used 2132K, capacity 2222K, committed 2304K, reserved 1048576K
}
Event: 32.366 GC heap before
{Heap before GC invocations=13 (full 1):
 PSYoungGen      total 185856K, used 176640K [0x00000000edf00000, 0x00000000fff00000, 0x0000000100000000)
  eden space 176640K, 100% used [0x00000000edf00000,0x00000000f8b80000,0x00000000f8b80000)
  from space 9216K, 0% used [0x00000000f8b80000,0x00000000f8b80000,0x00000000f9480000)
  to   space 9216K, 0% used [0x00000000ff600000,0x00000000ff600000,0x00000000fff00000)
 ParOldGen       total 81920K, used 41059K [0x00000000c9c00000, 0x00000000cec00000, 0x00000000edf00000)
  object space 81920K, 50% used [0x00000000c9c00000,0x00000000cc418fd8,0x00000000cec00000)
 Metaspace       used 16962K, capacity 17238K, committed 17408K, reserved 1064960K
  class space    used 2133K, capacity 2222K, committed 2304K, reserved 1048576K
Event: 32.420 GC heap after
Heap after GC invocations=13 (full 1):
 PSYoungGen      total 285696K, used 96K [0x00000000edf00000, 0x00000000ffe80000, 0x0000000100000000)
  eden space 276992K, 0% used [0x00000000edf00000,0x00000000edf00000,0x00000000fed80000)
  from space 8704K, 1% used [0x00000000ff600000,0x00000000ff618000,0x00000000ffe80000)
  to   space 8704K, 0% used [0x00000000fed80000,0x00000000fed80000,0x00000000ff600000)
 ParOldGen       total 81920K, used 74978K [0x00000000c9c00000, 0x00000000cec00000, 0x00000000edf00000)
  object space 81920K, 91% used [0x00000000c9c00000,0x00000000ce538bd8,0x00000000cec00000)
 Metaspace       used 16962K, capacity 17238K, committed 17408K, reserved 1064960K
  class space    used 2133K, capacity 2222K, committed 2304K, reserved 1048576K
}
Event: 32.420 GC heap before
{Heap before GC invocations=14 (full 2):
 PSYoungGen      total 285696K, used 96K [0x00000000edf00000, 0x00000000ffe80000, 0x0000000100000000)
  eden space 276992K, 0% used [0x00000000edf00000,0x00000000edf00000,0x00000000fed80000)
  from space 8704K, 1% used [0x00000000ff600000,0x00000000ff618000,0x00000000ffe80000)
  to   space 8704K, 0% used [0x00000000fed80000,0x00000000fed80000,0x00000000ff600000)
 ParOldGen       total 81920K, used 74978K [0x00000000c9c00000, 0x00000000cec00000, 0x00000000edf00000)
  object space 81920K, 91% used [0x00000000c9c00000,0x00000000ce538bd8,0x00000000cec00000)
 Metaspace       used 16962K, capacity 17238K, committed 17408K, reserved 1064960K
  class space    used 2133K, capacity 2222K, committed 2304K, reserved 1048576K
Event: 32.596 GC heap after
Heap after GC invocations=14 (full 2):
 PSYoungGen      total 285696K, used 0K [0x00000000edf00000, 0x00000000ffe80000, 0x0000000100000000)
  eden space 276992K, 0% used [0x00000000edf00000,0x00000000edf00000,0x00000000fed80000)
  from space 8704K, 0% used [0x00000000ff600000,0x00000000ff600000,0x00000000ffe80000)
  to   space 8704K, 0% used [0x00000000fed80000,0x00000000fed80000,0x00000000ff600000)
 ParOldGen       total 112128K, used 58014K [0x00000000c9c00000, 0x00000000d0980000, 0x00000000edf00000)
  object space 112128K, 51% used [0x00000000c9c00000,0x00000000cd4a7808,0x00000000d0980000)
 Metaspace       used 16962K, capacity 17238K, committed 17408K, reserved 1064960K
  class space    used 2133K, capacity 2222K, committed 2304K, reserved 1048576K
}
Event: 109.062 GC heap before
{Heap before GC invocations=15 (full 2):
 PSYoungGen      total 285696K, used 276992K [0x00000000edf00000, 0x00000000ffe80000, 0x0000000100000000)
  eden space 276992K, 100% used [0x00000000edf00000,0x00000000fed80000,0x00000000fed80000)
  from space 8704K, 0% used [0x00000000ff600000,0x00000000ff600000,0x00000000ffe80000)
  to   space 8704K, 0% used [0x00000000fed80000,0x00000000fed80000,0x00000000ff600000)
 ParOldGen       total 112128K, used 58014K [0x00000000c9c00000, 0x00000000d0980000, 0x00000000edf00000)
  object space 112128K, 51% used [0x00000000c9c00000,0x00000000cd4a7808,0x00000000d0980000)
 Metaspace       used 19895K, capacity 20156K, committed 20480K, reserved 1067008K
  class space    used 2367K, capacity 2447K, committed 2560K, reserved 1048576K
Event: 109.135 GC heap after
Heap after GC invocations=15 (full 2):
 PSYoungGen      total 285696K, used 8700K [0x00000000edf00000, 0x0000000100000000, 0x0000000100000000)
  eden space 276992K, 0% used [0x00000000edf00000,0x00000000edf00000,0x00000000fed80000)
  from space 8704K, 99% used [0x00000000fed80000,0x00000000ff5ff250,0x00000000ff600000)
  to   space 10240K, 0% used [0x00000000ff600000,0x00000000ff600000,0x0000000100000000)
 ParOldGen       total 112128K, used 75105K [0x00000000c9c00000, 0x00000000d0980000, 0x00000000edf00000)
  object space 112128K, 66% used [0x00000000c9c00000,0x00000000ce558708,0x00000000d0980000)
 Metaspace       used 19895K, capacity 20156K, committed 20480K, reserved 1067008K
  class space    used 2367K, capacity 2447K, committed 2560K, reserved 1048576K
}

